<?xml version="1.0" encoding="UTF-8"?>
<!-- Generated by org.testng.reporters.JUnitReportReporter -->
<testsuite hostname="ashishsri" failures="0" tests="4" name="TestCases.AllTestClasses" time="26.993" errors="0" timestamp="2024-05-19T13:35:48 IST" skipped="0">
  <testcase classname="TestCases.AllTestClasses" name="TestCase1" time="14.675"/>
  <system-out/>
  <testcase classname="TestCases.AllTestClasses" name="towriteinExcel" time="1.080"/>
  <system-out/>
  <testcase classname="TestCases.AllTestClasses" name="toComapreTheExcelFile" time="11.090"/>
  <system-out/>
  <testcase classname="TestCases.AllTestClasses" name="selectTheDate" time="0.148"/>
  <system-out/>
</testsuite> <!-- TestCases.AllTestClasses -->
